# JRE version: OpenJDK Runtime Environment (8.0_152-b06) (build 1.8.0_152-release-1136-b06)
# Java VM: OpenJDK 64-Bit Server VM (25.152-b06 mixed mode windows-amd64 compressed oops)
Heap:
 PSYoungGen      total 77312K, used 2574K [0x00000000e0000000, 0x00000000e5780000, 0x0000000100000000)
  eden space 66048K, 3% used [0x00000000e0000000,0x00000000e0283800,0x00000000e4080000)
  from space 11264K, 0% used [0x00000000e4b80000,0x00000000e4b80000,0x00000000e5680000)
  to   space 11264K, 0% used [0x00000000e4080000,0x00000000e4080000,0x00000000e4b80000)
 ParOldGen       total 119808K, used 23011K [0x00000000a0000000, 0x00000000a7500000, 0x00000000e0000000)
  object space 119808K, 19% used [0x00000000a0000000,0x00000000a1678df8,0x00000000a7500000)
 Metaspace       used 42662K, capacity 43644K, committed 44032K, reserved 1091584K
  class space    used 5773K, capacity 6103K, committed 6144K, reserved 1048576K
GC Heap History (10 events):
Event: 10.690 GC heap before
{Heap before GC invocations=11 (full 2):
 PSYoungGen      total 67584K, used 9880K [0x00000000e0000000, 0x00000000e5680000, 0x0000000100000000)
  eden space 57344K, 0% used [0x00000000e0000000,0x00000000e0000000,0x00000000e3800000)
  from space 10240K, 96% used [0x00000000e3800000,0x00000000e41a6240,0x00000000e4200000)
  to   space 11264K, 0% used [0x00000000e4b80000,0x00000000e4b80000,0x00000000e5680000)
 ParOldGen       total 71168K, used 8567K [0x00000000a0000000, 0x00000000a4580000, 0x00000000e0000000)
  object space 71168K, 12% used [0x00000000a0000000,0x00000000a085dd70,0x00000000a4580000)
 Metaspace       used 34542K, capacity 35214K, committed 35416K, reserved 1079296K
  class space    used 4789K, capacity 4993K, committed 5120K, reserved 1048576K
Event: 10.758 GC heap after
Heap after GC invocations=11 (full 2):
 PSYoungGen      total 67584K, used 0K [0x00000000e0000000, 0x00000000e5680000, 0x0000000100000000)
  eden space 57344K, 0% used [0x00000000e0000000,0x00000000e0000000,0x00000000e3800000)
  from space 10240K, 0% used [0x00000000e3800000,0x00000000e3800000,0x00000000e4200000)
  to   space 11264K, 0% used [0x00000000e4b80000,0x00000000e4b80000,0x00000000e5680000)
 ParOldGen       total 119808K, used 16462K [0x00000000a0000000, 0x00000000a7500000, 0x00000000e0000000)
  object space 119808K, 13% used [0x00000000a0000000,0x00000000a1013808,0x00000000a7500000)
 Metaspace       used 34542K, capacity 35214K, committed 35416K, reserved 1079296K
  class space    used 4789K, capacity 4993K, committed 5120K, reserved 1048576K
}
Event: 11.478 GC heap before
{Heap before GC invocations=12 (full 2):
 PSYoungGen      total 67584K, used 57344K [0x00000000e0000000, 0x00000000e5680000, 0x0000000100000000)
  eden space 57344K, 100% used [0x00000000e0000000,0x00000000e3800000,0x00000000e3800000)
  from space 10240K, 0% used [0x00000000e3800000,0x00000000e3800000,0x00000000e4200000)
  to   space 11264K, 0% used [0x00000000e4b80000,0x00000000e4b80000,0x00000000e5680000)
 ParOldGen       total 119808K, used 16462K [0x00000000a0000000, 0x00000000a7500000, 0x00000000e0000000)
  object space 119808K, 13% used [0x00000000a0000000,0x00000000a1013808,0x00000000a7500000)
 Metaspace       used 38104K, capacity 38964K, committed 39296K, reserved 1083392K
  class space    used 5205K, capacity 5496K, committed 5504K, reserved 1048576K
Event: 11.483 GC heap after
Heap after GC invocations=12 (full 2):
 PSYoungGen      total 77312K, used 5286K [0x00000000e0000000, 0x00000000e5780000, 0x0000000100000000)
  eden space 66048K, 0% used [0x00000000e0000000,0x00000000e0000000,0x00000000e4080000)
  from space 11264K, 46% used [0x00000000e4b80000,0x00000000e50a9b08,0x00000000e5680000)
  to   space 11264K, 0% used [0x00000000e4080000,0x00000000e4080000,0x00000000e4b80000)
 ParOldGen       total 119808K, used 16470K [0x00000000a0000000, 0x00000000a7500000, 0x00000000e0000000)
  object space 119808K, 13% used [0x00000000a0000000,0x00000000a1015808,0x00000000a7500000)
 Metaspace       used 38104K, capacity 38964K, committed 39296K, reserved 1083392K
  class space    used 5205K, capacity 5496K, committed 5504K, reserved 1048576K
}
Event: 12.451 GC heap before
{Heap before GC invocations=13 (full 2):
 PSYoungGen      total 77312K, used 71334K [0x00000000e0000000, 0x00000000e5780000, 0x0000000100000000)
  eden space 66048K, 100% used [0x00000000e0000000,0x00000000e4080000,0x00000000e4080000)
  from space 11264K, 46% used [0x00000000e4b80000,0x00000000e50a9b08,0x00000000e5680000)
  to   space 11264K, 0% used [0x00000000e4080000,0x00000000e4080000,0x00000000e4b80000)
 ParOldGen       total 119808K, used 16470K [0x00000000a0000000, 0x00000000a7500000, 0x00000000e0000000)
  object space 119808K, 13% used [0x00000000a0000000,0x00000000a1015808,0x00000000a7500000)
 Metaspace       used 42406K, capacity 43302K, committed 43520K, reserved 1087488K
  class space    used 5739K, capacity 6034K, committed 6144K, reserved 1048576K
Event: 12.466 GC heap after
Heap after GC invocations=13 (full 2):
 PSYoungGen      total 77312K, used 11244K [0x00000000e0000000, 0x00000000e5780000, 0x0000000100000000)
  eden space 66048K, 0% used [0x00000000e0000000,0x00000000e0000000,0x00000000e4080000)
  from space 11264K, 99% used [0x00000000e4080000,0x00000000e4b7b190,0x00000000e4b80000)
  to   space 11264K, 0% used [0x00000000e4b80000,0x00000000e4b80000,0x00000000e5680000)
 ParOldGen       total 119808K, used 17743K [0x00000000a0000000, 0x00000000a7500000, 0x00000000e0000000)
  object space 119808K, 14% used [0x00000000a0000000,0x00000000a1153f38,0x00000000a7500000)
 Metaspace       used 42406K, capacity 43302K, committed 43520K, reserved 1087488K
  class space    used 5739K, capacity 6034K, committed 6144K, reserved 1048576K
}
Event: 12.469 GC heap before
{Heap before GC invocations=14 (full 2):
 PSYoungGen      total 77312K, used 12528K [0x00000000e0000000, 0x00000000e5780000, 0x0000000100000000)
  eden space 66048K, 1% used [0x00000000e0000000,0x00000000e0141068,0x00000000e4080000)
  from space 11264K, 99% used [0x00000000e4080000,0x00000000e4b7b190,0x00000000e4b80000)
  to   space 11264K, 0% used [0x00000000e4b80000,0x00000000e4b80000,0x00000000e5680000)
 ParOldGen       total 119808K, used 17743K [0x00000000a0000000, 0x00000000a7500000, 0x00000000e0000000)
  object space 119808K, 14% used [0x00000000a0000000,0x00000000a1153f38,0x00000000a7500000)
 Metaspace       used 42421K, capacity 43302K, committed 43520K, reserved 1091584K
  class space    used 5740K, capacity 6034K, committed 6144K, reserved 1048576K
Event: 12.486 GC heap after
Heap after GC invocations=14 (full 2):
 PSYoungGen      total 77312K, used 9340K [0x00000000e0000000, 0x00000000e5780000, 0x0000000100000000)
  eden space 66048K, 0% used [0x00000000e0000000,0x00000000e0000000,0x00000000e4080000)
  from space 11264K, 82% used [0x00000000e4b80000,0x00000000e549f300,0x00000000e5680000)
  to   space 11264K, 0% used [0x00000000e4080000,0x00000000e4080000,0x00000000e4b80000)
 ParOldGen       total 119808K, used 17743K [0x00000000a0000000, 0x00000000a7500000, 0x00000000e0000000)
  object space 119808K, 14% used [0x00000000a0000000,0x00000000a1153f38,0x00000000a7500000)
 Metaspace       used 42421K, capacity 43302K, committed 43520K, reserved 1091584K
  class space    used 5740K, capacity 6034K, committed 6144K, reserved 1048576K
}
Event: 12.486 GC heap before
{Heap before GC invocations=15 (full 3):
 PSYoungGen      total 77312K, used 9340K [0x00000000e0000000, 0x00000000e5780000, 0x0000000100000000)
  eden space 66048K, 0% used [0x00000000e0000000,0x00000000e0000000,0x00000000e4080000)
  from space 11264K, 82% used [0x00000000e4b80000,0x00000000e549f300,0x00000000e5680000)
  to   space 11264K, 0% used [0x00000000e4080000,0x00000000e4080000,0x00000000e4b80000)
 ParOldGen       total 119808K, used 17743K [0x00000000a0000000, 0x00000000a7500000, 0x00000000e0000000)
  object space 119808K, 14% used [0x00000000a0000000,0x00000000a1153f38,0x00000000a7500000)
 Metaspace       used 42421K, capacity 43302K, committed 43520K, reserved 1091584K
  class space    used 5740K, capacity 6034K, committed 6144K, reserved 1048576K
Event: 12.706 GC heap after
Heap after GC invocations=15 (full 3):
 PSYoungGen      total 77312K, used 0K [0x00000000e0000000, 0x00000000e5780000, 0x0000000100000000)
  eden space 66048K, 0% used [0x00000000e0000000,0x00000000e0000000,0x00000000e4080000)
  from space 11264K, 0% used [0x00000000e4b80000,0x00000000e4b80000,0x00000000e5680000)
  to   space 11264K, 0% used [0x00000000e4080000,0x00000000e4080000,0x00000000e4b80000)
 ParOldGen       total 119808K, used 23011K [0x00000000a0000000, 0x00000000a7500000, 0x00000000e0000000)
  object space 119808K, 19% used [0x00000000a0000000,0x00000000a1678df8,0x00000000a7500000)
 Metaspace       used 42421K, capacity 43302K, committed 43520K, reserved 1089536K
  class space    used 5740K, capacity 6034K, committed 6144K, reserved 1048576K
}

